<?xml version="1.0" encoding="UTF-8"?>
<testsuite xmlns:xsi="http://www.w3.org/2001/XMLSchema-instance" xsi:noNamespaceSchemaLocation="https://maven.apache.org/surefire/maven-surefire-plugin/xsd/surefire-test-report.xsd" version="3.0.2" name="runner.APITestRunnerTest" time="75.895" tests="1" errors="0" skipped="0" failures="0">
  <properties>
[...]
</properties>
  <testcase name="runAllTests" classname="runner.APITestRunnerTest" time="75.808">
    <system-out><![CDATA[Running: TC-ID001
HTTP/1.1 200 OK
date: Sun, 22 Mar 2026 14:05:18 GMT
server: uvicorn
content-length: 4117
content-type: application/json

{
    "success": true,
    "text": "--- Page 1 ---\n1. Which of the following legislations does NOT govern the imposition of income tax in Singapore?\nA. Insurance Act.\nB. Income Tax Act.\nC. Goods and Services Tax Act.\nD. Economic Expansion Incentives Act.\n\n2. Leslie is employed and physically present in Singapore for 185 days during the year preceding the Year of Assessment. Henceforth, his tax status is defined as:\nA. Pioneer.\nB. Tax-free.\nC. Resident.\nD. Non-resident.\n\n3. Steve qualified for “Not Ordinarily Resident” tax status in Singapore from 2019 and he will enjoy tax concessions for a period of __________ years.\nA. three\nB. four\nC. five\nD. six\n\n4. Shirley has a statutory income of S$40,000 and an assessable income of S$30,000. If she is entitled to a personal tax relief of S$5,000, what is her chargeable income?\nA. S$10,000\nB. S$25,000\nC. S$35,000\nD. S$40,000\n\n5. Amanda is a Singapore registered nurse working abroad. As an administrative concession, she can choose to be assessed for tax either as a resident or non-resident.\nThe required overseas employment is for a period of at least __________ months during the year preceding the Year of Assessment.\nA. 3\nB. 6\nC. 9\nD. 12",
    "page_count": 1,
    "successful_pages": 1,
    "failed_pages": 0,
    "char_count": 1159,
    "engine": "deepseek",
    "pages": [
        {
            "page_num": 1,
            "success": true,
            "text": "1. Which of the following legislations does NOT govern the imposition of income tax in Singapore?\nA. Insurance Act.\nB. Income Tax Act.\nC. Goods and Services Tax Act.\nD. Economic Expansion Incentives Act.\n\n2. Leslie is employed and physically present in Singapore for 185 days during the year preceding the Year of Assessment. Henceforth, his tax status is defined as:\nA. Pioneer.\nB. Tax-free.\nC. Resident.\nD. Non-resident.\n\n3. Steve qualified for “Not Ordinarily Resident” tax status in Singapore from 2019 and he will enjoy tax concessions for a period of __________ years.\nA. three\nB. four\nC. five\nD. six\n\n4. Shirley has a statutory income of S$40,000 and an assessable income of S$30,000. If she is entitled to a personal tax relief of S$5,000, what is her chargeable income?\nA. S$10,000\nB. S$25,000\nC. S$35,000\nD. S$40,000\n\n5. Amanda is a Singapore registered nurse working abroad. As an administrative concession, she can choose to be assessed for tax either as a resident or non-resident.\nThe required overseas employment is for a period of at least __________ months during the year preceding the Year of Assessment.\nA. 3\nB. 6\nC. 9\nD. 12",
            "images": [
                
            ],
            "content_blocks": [
                {
                    "type": "text",
                    "content": "1. Which of the following legislations does NOT govern the imposition of income tax in Singapore?\nA. Insurance Act.\nB. Income Tax Act.\nC. Goods and Services Tax Act.\nD. Economic Expansion Incentives Act.",
                    "image_index": null,
                    "width": null,
                    "height": null
                },
                {
                    "type": "text",
                    "content": "2. Leslie is employed and physically present in Singapore for 185 days during the year preceding the Year of Assessment. Henceforth, his tax status is defined as:\nA. Pioneer.\nB. Tax-free.\nC. Resident.\nD. Non-resident.",
                    "image_index": null,
                    "width": null,
                    "height": null
                },
                {
                    "type": "text",
                    "content": "3. Steve qualified for “Not Ordinarily Resident” tax status in Singapore from 2019 and he will enjoy tax concessions for a period of __________ years.\nA. three\nB. four\nC. five\nD. six",
                    "image_index": null,
                    "width": null,
                    "height": null
                },
                {
                    "type": "text",
                    "content": "4. Shirley has a statutory income of S$40,000 and an assessable income of S$30,000. If she is entitled to a personal tax relief of S$5,000, what is her chargeable income?\nA. S$10,000\nB. S$25,000\nC. S$35,000\nD. S$40,000",
                    "image_index": null,
                    "width": null,
                    "height": null
                },
                {
                    "type": "text",
                    "content": "5. Amanda is a Singapore registered nurse working abroad. As an administrative concession, she can choose to be assessed for tax either as a resident or non-resident.\nThe required overseas employment is for a period of at least __________ months during the year preceding the Year of Assessment.\nA. 3\nB. 6\nC. 9\nD. 12",
                    "image_index": null,
                    "width": null,
                    "height": null
                }
            ],
            "error": null
        }
    ]
}
Status: PASS
----------------------
Running: TC-ID002
HTTP/1.1 200 OK
date: Sun, 22 Mar 2026 14:05:42 GMT
server: uvicorn
content-length: 4117
content-type: application/json

{
    "success": true,
    "text": "--- Page 1 ---\n1. Which of the following legislations does NOT govern the imposition of income tax in Singapore?\nA. Insurance Act.\nB. Income Tax Act.\nC. Goods and Services Tax Act.\nD. Economic Expansion Incentives Act.\n\n2. Leslie is employed and physically present in Singapore for 185 days during the year preceding the Year of Assessment. Henceforth, his tax status is defined as:\nA. Pioneer.\nB. Tax-free.\nC. Resident.\nD. Non-resident.\n\n3. Steve qualified for “Not Ordinarily Resident” tax status in Singapore from 2019 and he will enjoy tax concessions for a period of __________ years.\nA. three\nB. four\nC. five\nD. six\n\n4. Shirley has a statutory income of S$40,000 and an assessable income of S$30,000. If she is entitled to a personal tax relief of S$5,000, what is her chargeable income?\nA. S$10,000\nB. S$25,000\nC. S$35,000\nD. S$40,000\n\n5. Amanda is a Singapore registered nurse working abroad. As an administrative concession, she can choose to be assessed for tax either as a resident or non-resident.\nThe required overseas employment is for a period of at least __________ months during the year preceding the Year of Assessment.\nA. 3\nB. 6\nC. 9\nD. 12",
    "page_count": 1,
    "successful_pages": 1,
    "failed_pages": 0,
    "char_count": 1159,
    "engine": "deepseek",
    "pages": [
        {
            "page_num": 1,
            "success": true,
            "text": "1. Which of the following legislations does NOT govern the imposition of income tax in Singapore?\nA. Insurance Act.\nB. Income Tax Act.\nC. Goods and Services Tax Act.\nD. Economic Expansion Incentives Act.\n\n2. Leslie is employed and physically present in Singapore for 185 days during the year preceding the Year of Assessment. Henceforth, his tax status is defined as:\nA. Pioneer.\nB. Tax-free.\nC. Resident.\nD. Non-resident.\n\n3. Steve qualified for “Not Ordinarily Resident” tax status in Singapore from 2019 and he will enjoy tax concessions for a period of __________ years.\nA. three\nB. four\nC. five\nD. six\n\n4. Shirley has a statutory income of S$40,000 and an assessable income of S$30,000. If she is entitled to a personal tax relief of S$5,000, what is her chargeable income?\nA. S$10,000\nB. S$25,000\nC. S$35,000\nD. S$40,000\n\n5. Amanda is a Singapore registered nurse working abroad. As an administrative concession, she can choose to be assessed for tax either as a resident or non-resident.\nThe required overseas employment is for a period of at least __________ months during the year preceding the Year of Assessment.\nA. 3\nB. 6\nC. 9\nD. 12",
            "images": [
                
            ],
            "content_blocks": [
                {
                    "type": "text",
                    "content": "1. Which of the following legislations does NOT govern the imposition of income tax in Singapore?\nA. Insurance Act.\nB. Income Tax Act.\nC. Goods and Services Tax Act.\nD. Economic Expansion Incentives Act.",
                    "image_index": null,
                    "width": null,
                    "height": null
                },
                {
                    "type": "text",
                    "content": "2. Leslie is employed and physically present in Singapore for 185 days during the year preceding the Year of Assessment. Henceforth, his tax status is defined as:\nA. Pioneer.\nB. Tax-free.\nC. Resident.\nD. Non-resident.",
                    "image_index": null,
                    "width": null,
                    "height": null
                },
                {
                    "type": "text",
                    "content": "3. Steve qualified for “Not Ordinarily Resident” tax status in Singapore from 2019 and he will enjoy tax concessions for a period of __________ years.\nA. three\nB. four\nC. five\nD. six",
                    "image_index": null,
                    "width": null,
                    "height": null
                },
                {
                    "type": "text",
                    "content": "4. Shirley has a statutory income of S$40,000 and an assessable income of S$30,000. If she is entitled to a personal tax relief of S$5,000, what is her chargeable income?\nA. S$10,000\nB. S$25,000\nC. S$35,000\nD. S$40,000",
                    "image_index": null,
                    "width": null,
                    "height": null
                },
                {
                    "type": "text",
                    "content": "5. Amanda is a Singapore registered nurse working abroad. As an administrative concession, she can choose to be assessed for tax either as a resident or non-resident.\nThe required overseas employment is for a period of at least __________ months during the year preceding the Year of Assessment.\nA. 3\nB. 6\nC. 9\nD. 12",
                    "image_index": null,
                    "width": null,
                    "height": null
                }
            ],
            "error": null
        }
    ]
}
Status: PASS
----------------------
Running: TC-ID003
HTTP/1.1 422 Unprocessable Entity
date: Sun, 22 Mar 2026 14:06:01 GMT
server: uvicorn
content-length: 113
content-type: application/json

{
    "detail": "File processing failed: Download failed: Request URL is missing an 'http://' or 'https://' protocol."
}
Status: PASS
----------------------
Running: TC-ID004
HTTP/1.1 404 Not Found
date: Sun, 22 Mar 2026 14:06:02 GMT
server: uvicorn
content-length: 112
content-type: application/json

{
    "detail": "File processing failed: File not found at URL: https://clumsy-jade-kqvw2nux11.edgeone.app/Bobo.docx"
}
Status: PASS
----------------------
Running: TC-ID005
HTTP/1.1 200 OK
date: Sun, 22 Mar 2026 14:06:02 GMT
server: uvicorn
content-length: 4117
content-type: application/json

{
    "success": true,
    "text": "--- Page 1 ---\n1. Which of the following legislations does NOT govern the imposition of income tax in Singapore?\nA. Insurance Act.\nB. Income Tax Act.\nC. Goods and Services Tax Act.\nD. Economic Expansion Incentives Act.\n\n2. Leslie is employed and physically present in Singapore for 185 days during the year preceding the Year of Assessment. Henceforth, his tax status is defined as:\nA. Pioneer.\nB. Tax-free.\nC. Resident.\nD. Non-resident.\n\n3. Steve qualified for “Not Ordinarily Resident” tax status in Singapore from 2019 and he will enjoy tax concessions for a period of __________ years.\nA. three\nB. four\nC. five\nD. six\n\n4. Shirley has a statutory income of S$40,000 and an assessable income of S$30,000. If she is entitled to a personal tax relief of S$5,000, what is her chargeable income?\nA. S$10,000\nB. S$25,000\nC. S$35,000\nD. S$40,000\n\n5. Amanda is a Singapore registered nurse working abroad. As an administrative concession, she can choose to be assessed for tax either as a resident or non-resident.\nThe required overseas employment is for a period of at least __________ months during the year preceding the Year of Assessment.\nA. 3\nB. 6\nC. 9\nD. 12",
    "page_count": 1,
    "successful_pages": 1,
    "failed_pages": 0,
    "char_count": 1159,
    "engine": "deepseek",
    "pages": [
        {
            "page_num": 1,
            "success": true,
            "text": "1. Which of the following legislations does NOT govern the imposition of income tax in Singapore?\nA. Insurance Act.\nB. Income Tax Act.\nC. Goods and Services Tax Act.\nD. Economic Expansion Incentives Act.\n\n2. Leslie is employed and physically present in Singapore for 185 days during the year preceding the Year of Assessment. Henceforth, his tax status is defined as:\nA. Pioneer.\nB. Tax-free.\nC. Resident.\nD. Non-resident.\n\n3. Steve qualified for “Not Ordinarily Resident” tax status in Singapore from 2019 and he will enjoy tax concessions for a period of __________ years.\nA. three\nB. four\nC. five\nD. six\n\n4. Shirley has a statutory income of S$40,000 and an assessable income of S$30,000. If she is entitled to a personal tax relief of S$5,000, what is her chargeable income?\nA. S$10,000\nB. S$25,000\nC. S$35,000\nD. S$40,000\n\n5. Amanda is a Singapore registered nurse working abroad. As an administrative concession, she can choose to be assessed for tax either as a resident or non-resident.\nThe required overseas employment is for a period of at least __________ months during the year preceding the Year of Assessment.\nA. 3\nB. 6\nC. 9\nD. 12",
            "images": [
                
            ],
            "content_blocks": [
                {
                    "type": "text",
                    "content": "1. Which of the following legislations does NOT govern the imposition of income tax in Singapore?\nA. Insurance Act.\nB. Income Tax Act.\nC. Goods and Services Tax Act.\nD. Economic Expansion Incentives Act.",
                    "image_index": null,
                    "width": null,
                    "height": null
                },
                {
                    "type": "text",
                    "content": "2. Leslie is employed and physically present in Singapore for 185 days during the year preceding the Year of Assessment. Henceforth, his tax status is defined as:\nA. Pioneer.\nB. Tax-free.\nC. Resident.\nD. Non-resident.",
                    "image_index": null,
                    "width": null,
                    "height": null
                },
                {
                    "type": "text",
                    "content": "3. Steve qualified for “Not Ordinarily Resident” tax status in Singapore from 2019 and he will enjoy tax concessions for a period of __________ years.\nA. three\nB. four\nC. five\nD. six",
                    "image_index": null,
                    "width": null,
                    "height": null
                },
                {
                    "type": "text",
                    "content": "4. Shirley has a statutory income of S$40,000 and an assessable income of S$30,000. If she is entitled to a personal tax relief of S$5,000, what is her chargeable income?\nA. S$10,000\nB. S$25,000\nC. S$35,000\nD. S$40,000",
                    "image_index": null,
                    "width": null,
                    "height": null
                },
                {
                    "type": "text",
                    "content": "5. Amanda is a Singapore registered nurse working abroad. As an administrative concession, she can choose to be assessed for tax either as a resident or non-resident.\nThe required overseas employment is for a period of at least __________ months during the year preceding the Year of Assessment.\nA. 3\nB. 6\nC. 9\nD. 12",
                    "image_index": null,
                    "width": null,
                    "height": null
                }
            ],
            "error": null
        }
    ]
}
Status: PASS
----------------------
Running: TC-ID006
HTTP/1.1 422 Unprocessable Entity
date: Sun, 22 Mar 2026 14:06:19 GMT
server: uvicorn
content-length: 139
content-type: application/json

{
    "detail": [
        {
            "type": "less_than_equal",
            "loc": [
                "body",
                "dpi"
            ],
            "msg": "Input should be less than or equal to 300",
            "input": 700,
            "ctx": {
                "le": 300
            }
        }
    ]
}
Status: PASS
----------------------
Running: TC-ID007
HTTP/1.1 422 Unprocessable Entity
date: Sun, 22 Mar 2026 14:06:19 GMT
server: uvicorn
content-length: 141
content-type: application/json

{
    "detail": [
        {
            "type": "greater_than_equal",
            "loc": [
                "body",
                "dpi"
            ],
            "msg": "Input should be greater than or equal to 72",
            "input": 0,
            "ctx": {
                "ge": 72
            }
        }
    ]
}
Status: PASS
----------------------
Running: TC-ID008
HTTP/1.1 422 Unprocessable Entity
date: Sun, 22 Mar 2026 14:06:19 GMT
server: uvicorn
content-length: 113
content-type: application/json

{
    "detail": "File processing failed: Download failed: Request URL is missing an 'http://' or 'https://' protocol."
}
Status: PASS
----------------------
Running: TC-ID009
HTTP/1.1 200 OK
date: Sun, 22 Mar 2026 14:06:19 GMT
server: uvicorn
content-length: 244
content-type: application/json

{
    "success": true,
    "text": "--- Page 1 ---\n[image_1]",
    "page_count": 1,
    "successful_pages": 1,
    "failed_pages": 0,
    "char_count": 24,
    "engine": "deepseek",
    "pages": [
        {
            "page_num": 1,
            "success": true,
            "text": "[image_1]",
            "images": [
                
            ],
            "content_blocks": [
                
            ],
            "error": null
        }
    ]
}
Status: PASS
----------------------
]]></system-out>
    <system-err><![CDATA[ERROR StatusLogger Log4j2 could not find a logging implementation. Please add log4j-core to the classpath. Using SimpleLogger to log to the console...
]]></system-err>
  </testcase>
</testsuite>